<?xml version="1.0" encoding="UTF-8"?>
<!-- Generated by org.testng.reporters.JUnitReportReporter -->
<testsuite hostname="DESKTOP-LLJJIDT" failures="0" tests="2" name="rest.cucumber.Options.TestRunner" time="11.300" errors="0" timestamp="16 Nov 2021 15:38:43 GMT" skipped="0">
  <testcase classname="rest.cucumber.Options.TestRunner" name="runScenario" time="8.227"/>
  <testcase classname="rest.cucumber.Options.TestRunner" name="runScenario" time="3.073"/>
</testsuite> <!-- rest.cucumber.Options.TestRunner -->
