<?xml version="1.0" encoding="UTF-8"?>
<!-- Generated by org.testng.reporters.JUnitReportReporter -->
<testsuite hostname="DESKTOP-LLJJIDT" failures="0" tests="2" name="cucumber.Options.TestRunner" time="10.316" errors="0" timestamp="21 Oct 2021 14:39:00 GMT" skipped="0">
  <testcase classname="cucumber.Options.TestRunner" name="runScenario" time="6.816"/>
  <testcase classname="cucumber.Options.TestRunner" name="runScenario" time="3.500"/>
</testsuite> <!-- cucumber.Options.TestRunner -->
